2025-12-11 23:27:47,895 - INFO - Directry loading......
2025-12-11 23:27:47,895 - INFO - Directry loaded.......
2025-12-11 23:27:47,895 - INFO - Start loader.load funcion......
2025-12-11 23:27:55,506 - INFO - Initialized chunker......
2025-12-11 23:27:55,507 - INFO - Testing document structure......
2025-12-11 23:27:55,507 - INFO - Processing file MachineLearning-Lecture01.pdf
2025-12-11 23:27:55,507 - INFO - Start splitting into sections
2025-12-11 23:27:55,507 - INFO - Start section spliting...
2025-12-11 23:27:55,508 - INFO - Getting sections and chunk sections....
2025-12-11 23:27:55,509 - INFO - Processing file MachineLearning-Lecture02.pdf
2025-12-11 23:27:55,509 - INFO - Start splitting into sections
2025-12-11 23:27:55,510 - INFO - Start section spliting...
2025-12-11 23:27:55,510 - INFO - Getting sections and chunk sections....
2025-12-11 23:27:55,510 - INFO - Processing file MachineLearning-Lecture03.pdf
2025-12-11 23:27:55,511 - INFO - Start splitting into sections
2025-12-11 23:27:55,511 - INFO - Start section spliting...
2025-12-11 23:27:55,511 - INFO - Getting sections and chunk sections....
2025-12-11 23:27:55,511 - INFO - Processing file MachineLearning-Lecture04.pdf
2025-12-11 23:27:55,511 - INFO - Start splitting into sections
2025-12-11 23:27:55,512 - INFO - Start section spliting...
2025-12-11 23:27:55,512 - INFO - Getting sections and chunk sections....
2025-12-11 23:27:55,512 - INFO - Processing file MachineLearning-Lecture05.pdf
2025-12-11 23:27:55,512 - INFO - Start splitting into sections
2025-12-11 23:27:55,513 - INFO - Start section spliting...
2025-12-11 23:27:55,513 - INFO - Getting sections and chunk sections....
2025-12-11 23:27:55,513 - INFO - Processing file MachineLearning-Lecture06.pdf
2025-12-11 23:27:55,513 - INFO - Start splitting into sections
2025-12-11 23:27:55,513 - INFO - Start section spliting...
2025-12-11 23:27:55,514 - INFO - Getting sections and chunk sections....
2025-12-11 23:27:55,514 - INFO - adding metadata to the chunks.....
2025-12-11 23:27:55,514 - INFO - Start section spliting...
2025-12-11 23:27:55,514 - INFO - Start chunking...
2025-12-11 23:27:55,551 - INFO - Processing file MachineLearning-Lecture07.pdf
2025-12-11 23:27:55,551 - INFO - Start splitting into sections
2025-12-11 23:27:55,551 - INFO - Start section spliting...
2025-12-11 23:27:55,552 - INFO - Getting sections and chunk sections....
2025-12-11 23:27:55,552 - INFO - Processing file MachineLearning-Lecture08.pdf
2025-12-11 23:27:55,553 - INFO - Start splitting into sections
2025-12-11 23:27:55,553 - INFO - Start section spliting...
2025-12-11 23:27:55,554 - INFO - Getting sections and chunk sections....
2025-12-11 23:27:55,554 - INFO - adding metadata to the chunks.....
2025-12-11 23:27:55,554 - INFO - Start section spliting...
2025-12-11 23:27:55,554 - INFO - Start chunking...
2025-12-11 23:27:55,584 - INFO - Processing file MachineLearning-Lecture09.pdf
2025-12-11 23:27:55,584 - INFO - Start splitting into sections
2025-12-11 23:27:55,584 - INFO - Start section spliting...
2025-12-11 23:27:55,586 - INFO - Getting sections and chunk sections....
2025-12-11 23:27:55,586 - INFO - adding metadata to the chunks.....
2025-12-11 23:27:55,586 - INFO - Start section spliting...
2025-12-11 23:27:55,586 - INFO - Start chunking...
2025-12-11 23:27:55,622 - INFO - Processing file MachineLearning-Lecture10.pdf
2025-12-11 23:27:55,622 - INFO - Start splitting into sections
2025-12-11 23:27:55,623 - INFO - Start section spliting...
2025-12-11 23:27:55,623 - INFO - Getting sections and chunk sections....
2025-12-11 23:27:55,624 - INFO - Processing file MachineLearning-Lecture11.pdf
2025-12-11 23:27:55,624 - INFO - Start splitting into sections
2025-12-11 23:27:55,624 - INFO - Start section spliting...
2025-12-11 23:27:55,626 - INFO - Getting sections and chunk sections....
2025-12-11 23:27:55,626 - INFO - Processing file MachineLearning-Lecture12.pdf
2025-12-11 23:27:55,626 - INFO - Start splitting into sections
2025-12-11 23:27:55,626 - INFO - Start section spliting...
2025-12-11 23:27:55,627 - INFO - Getting sections and chunk sections....
2025-12-11 23:27:55,627 - INFO - Processing file MachineLearning-Lecture13.pdf
2025-12-11 23:27:55,627 - INFO - Start splitting into sections
2025-12-11 23:27:55,627 - INFO - Start section spliting...
2025-12-11 23:27:55,628 - INFO - Getting sections and chunk sections....
2025-12-11 23:27:55,628 - INFO - adding metadata to the chunks.....
2025-12-11 23:27:55,629 - INFO - Start section spliting...
2025-12-11 23:27:55,629 - INFO - Start chunking...
2025-12-11 23:27:55,629 - INFO - adding metadata to the chunks.....
2025-12-11 23:27:55,629 - INFO - Start section spliting...
2025-12-11 23:27:55,629 - INFO - Start chunking...
2025-12-11 23:27:55,659 - INFO - adding metadata to the chunks.....
2025-12-11 23:27:55,659 - INFO - Start section spliting...
2025-12-11 23:27:55,660 - INFO - Start chunking...
2025-12-11 23:27:55,673 - INFO - Processing file MachineLearning-Lecture14.pdf
2025-12-11 23:27:55,673 - INFO - Start splitting into sections
2025-12-11 23:27:55,673 - INFO - Start section spliting...
2025-12-11 23:27:55,674 - INFO - Getting sections and chunk sections....
2025-12-11 23:27:55,674 - INFO - Processing file MachineLearning-Lecture15.pdf
2025-12-11 23:27:55,674 - INFO - Start splitting into sections
2025-12-11 23:27:55,674 - INFO - Start section spliting...
2025-12-11 23:27:55,674 - INFO - Getting sections and chunk sections....
2025-12-11 23:27:55,674 - INFO - adding metadata to the chunks.....
2025-12-11 23:27:55,675 - INFO - Start section spliting...
2025-12-11 23:27:55,675 - INFO - Start chunking...
2025-12-11 23:27:55,676 - INFO - Processing file MachineLearning-Lecture16.pdf
2025-12-11 23:27:55,676 - INFO - Start splitting into sections
2025-12-11 23:27:55,676 - INFO - Start section spliting...
2025-12-11 23:27:55,677 - INFO - Getting sections and chunk sections....
2025-12-11 23:27:55,677 - INFO - adding metadata to the chunks.....
2025-12-11 23:27:55,678 - INFO - Start section spliting...
2025-12-11 23:27:55,678 - INFO - Start chunking...
2025-12-11 23:27:55,695 - INFO - Processing file MachineLearning-Lecture17.pdf
2025-12-11 23:27:55,695 - INFO - Start splitting into sections
2025-12-11 23:27:55,695 - INFO - Start section spliting...
2025-12-11 23:27:55,696 - INFO - Getting sections and chunk sections....
2025-12-11 23:27:55,696 - INFO - Processing file MachineLearning-Lecture18.pdf
2025-12-11 23:27:55,696 - INFO - Start splitting into sections
2025-12-11 23:27:55,696 - INFO - Start section spliting...
2025-12-11 23:27:55,697 - INFO - Getting sections and chunk sections....
2025-12-11 23:27:55,698 - INFO - Processing file MachineLearning-Lecture19.pdf
2025-12-11 23:27:55,698 - INFO - Start splitting into sections
2025-12-11 23:27:55,698 - INFO - Start section spliting...
2025-12-11 23:27:55,699 - INFO - Getting sections and chunk sections....
2025-12-11 23:27:55,699 - INFO - Processing file MachineLearning-Lecture20.pdf
2025-12-11 23:27:55,699 - INFO - Start splitting into sections
2025-12-11 23:27:55,699 - INFO - Start section spliting...
2025-12-11 23:27:55,700 - INFO - Getting sections and chunk sections....
2025-12-11 23:27:55,701 - INFO - Created all chunks 330
2025-12-11 23:27:55,701 - INFO - Doing embeddings
2025-12-11 23:28:03,169 - INFO - Load pretrained SentenceTransformer: sentence-transformers/all-MiniLM-L6-v2
2025-12-11 23:28:08,925 - INFO - Vector db initialized.....
2025-12-11 23:28:09,227 - INFO - Anonymized telemetry enabled. See                     https://docs.trychroma.com/telemetry for more information.
