2025-12-15 00:08:29,905 - INFO - Directry loading......
2025-12-15 00:08:29,905 - INFO - Directry loaded.......
2025-12-15 00:08:29,905 - INFO - Start loader.load funcion......
2025-12-15 00:08:34,431 - INFO - Initialized chunker......
2025-12-15 00:08:34,431 - INFO - Testing document structure......
2025-12-15 00:08:34,431 - INFO - Processing file MachineLearning-Lecture01.pdf
2025-12-15 00:08:34,431 - INFO - Start splitting into sections
2025-12-15 00:08:34,431 - INFO - Start section spliting...
2025-12-15 00:08:34,433 - INFO - Getting sections and chunk sections....
2025-12-15 00:08:34,433 - INFO - Processing file MachineLearning-Lecture02.pdf
2025-12-15 00:08:34,433 - INFO - Start splitting into sections
2025-12-15 00:08:34,434 - INFO - Start section spliting...
2025-12-15 00:08:34,434 - INFO - Getting sections and chunk sections....
2025-12-15 00:08:34,434 - INFO - Processing file MachineLearning-Lecture03.pdf
2025-12-15 00:08:34,434 - INFO - Start splitting into sections
2025-12-15 00:08:34,435 - INFO - Start section spliting...
2025-12-15 00:08:34,435 - INFO - Getting sections and chunk sections....
2025-12-15 00:08:34,435 - INFO - Processing file MachineLearning-Lecture04.pdf
2025-12-15 00:08:34,435 - INFO - Start splitting into sections
2025-12-15 00:08:34,435 - INFO - Start section spliting...
2025-12-15 00:08:34,436 - INFO - Getting sections and chunk sections....
2025-12-15 00:08:34,436 - INFO - Processing file MachineLearning-Lecture05.pdf
2025-12-15 00:08:34,436 - INFO - Start splitting into sections
2025-12-15 00:08:34,436 - INFO - Start section spliting...
2025-12-15 00:08:34,437 - INFO - Getting sections and chunk sections....
2025-12-15 00:08:34,437 - INFO - Processing file MachineLearning-Lecture06.pdf
2025-12-15 00:08:34,437 - INFO - Start splitting into sections
2025-12-15 00:08:34,437 - INFO - Start section spliting...
2025-12-15 00:08:34,439 - INFO - Getting sections and chunk sections....
2025-12-15 00:08:34,440 - INFO - adding metadata to the chunks.....
2025-12-15 00:08:34,440 - INFO - Start section spliting...
2025-12-15 00:08:34,440 - INFO - Start chunking...
2025-12-15 00:08:34,467 - INFO - Processing file MachineLearning-Lecture07.pdf
2025-12-15 00:08:34,468 - INFO - Start splitting into sections
2025-12-15 00:08:34,468 - INFO - Start section spliting...
2025-12-15 00:08:34,468 - INFO - Getting sections and chunk sections....
2025-12-15 00:08:34,470 - INFO - Processing file MachineLearning-Lecture08.pdf
2025-12-15 00:08:34,470 - INFO - Start splitting into sections
2025-12-15 00:08:34,470 - INFO - Start section spliting...
2025-12-15 00:08:34,471 - INFO - Getting sections and chunk sections....
2025-12-15 00:08:34,471 - INFO - adding metadata to the chunks.....
2025-12-15 00:08:34,471 - INFO - Start section spliting...
2025-12-15 00:08:34,471 - INFO - Start chunking...
2025-12-15 00:08:34,492 - INFO - Processing file MachineLearning-Lecture09.pdf
2025-12-15 00:08:34,492 - INFO - Start splitting into sections
2025-12-15 00:08:34,492 - INFO - Start section spliting...
2025-12-15 00:08:34,493 - INFO - Getting sections and chunk sections....
2025-12-15 00:08:34,493 - INFO - adding metadata to the chunks.....
2025-12-15 00:08:34,493 - INFO - Start section spliting...
2025-12-15 00:08:34,493 - INFO - Start chunking...
2025-12-15 00:08:34,523 - INFO - Processing file MachineLearning-Lecture10.pdf
2025-12-15 00:08:34,523 - INFO - Start splitting into sections
2025-12-15 00:08:34,523 - INFO - Start section spliting...
2025-12-15 00:08:34,524 - INFO - Getting sections and chunk sections....
2025-12-15 00:08:34,524 - INFO - Processing file MachineLearning-Lecture11.pdf
2025-12-15 00:08:34,524 - INFO - Start splitting into sections
2025-12-15 00:08:34,524 - INFO - Start section spliting...
2025-12-15 00:08:34,526 - INFO - Getting sections and chunk sections....
2025-12-15 00:08:34,526 - INFO - Processing file MachineLearning-Lecture12.pdf
2025-12-15 00:08:34,526 - INFO - Start splitting into sections
2025-12-15 00:08:34,526 - INFO - Start section spliting...
2025-12-15 00:08:34,527 - INFO - Getting sections and chunk sections....
2025-12-15 00:08:34,527 - INFO - Processing file MachineLearning-Lecture13.pdf
2025-12-15 00:08:34,527 - INFO - Start splitting into sections
2025-12-15 00:08:34,527 - INFO - Start section spliting...
2025-12-15 00:08:34,529 - INFO - Getting sections and chunk sections....
2025-12-15 00:08:34,529 - INFO - adding metadata to the chunks.....
2025-12-15 00:08:34,529 - INFO - Start section spliting...
2025-12-15 00:08:34,530 - INFO - Start chunking...
2025-12-15 00:08:34,530 - INFO - adding metadata to the chunks.....
2025-12-15 00:08:34,530 - INFO - Start section spliting...
2025-12-15 00:08:34,530 - INFO - Start chunking...
2025-12-15 00:08:34,551 - INFO - adding metadata to the chunks.....
2025-12-15 00:08:34,551 - INFO - Start section spliting...
2025-12-15 00:08:34,551 - INFO - Start chunking...
2025-12-15 00:08:34,559 - INFO - Processing file MachineLearning-Lecture14.pdf
2025-12-15 00:08:34,559 - INFO - Start splitting into sections
2025-12-15 00:08:34,559 - INFO - Start section spliting...
2025-12-15 00:08:34,559 - INFO - Getting sections and chunk sections....
2025-12-15 00:08:34,559 - INFO - Processing file MachineLearning-Lecture15.pdf
2025-12-15 00:08:34,559 - INFO - Start splitting into sections
2025-12-15 00:08:34,559 - INFO - Start section spliting...
2025-12-15 00:08:34,559 - INFO - Getting sections and chunk sections....
2025-12-15 00:08:34,560 - INFO - adding metadata to the chunks.....
2025-12-15 00:08:34,560 - INFO - Start section spliting...
2025-12-15 00:08:34,560 - INFO - Start chunking...
2025-12-15 00:08:34,560 - INFO - Processing file MachineLearning-Lecture16.pdf
2025-12-15 00:08:34,560 - INFO - Start splitting into sections
2025-12-15 00:08:34,560 - INFO - Start section spliting...
2025-12-15 00:08:34,561 - INFO - Getting sections and chunk sections....
2025-12-15 00:08:34,561 - INFO - adding metadata to the chunks.....
2025-12-15 00:08:34,561 - INFO - Start section spliting...
2025-12-15 00:08:34,561 - INFO - Start chunking...
2025-12-15 00:08:34,574 - INFO - Processing file MachineLearning-Lecture17.pdf
2025-12-15 00:08:34,574 - INFO - Start splitting into sections
2025-12-15 00:08:34,574 - INFO - Start section spliting...
2025-12-15 00:08:34,575 - INFO - Getting sections and chunk sections....
2025-12-15 00:08:34,575 - INFO - Processing file MachineLearning-Lecture18.pdf
2025-12-15 00:08:34,575 - INFO - Start splitting into sections
2025-12-15 00:08:34,575 - INFO - Start section spliting...
2025-12-15 00:08:34,575 - INFO - Getting sections and chunk sections....
2025-12-15 00:08:34,575 - INFO - Processing file MachineLearning-Lecture19.pdf
2025-12-15 00:08:34,575 - INFO - Start splitting into sections
2025-12-15 00:08:34,575 - INFO - Start section spliting...
2025-12-15 00:08:34,576 - INFO - Getting sections and chunk sections....
2025-12-15 00:08:34,576 - INFO - Processing file MachineLearning-Lecture20.pdf
2025-12-15 00:08:34,577 - INFO - Start splitting into sections
2025-12-15 00:08:34,577 - INFO - Start section spliting...
2025-12-15 00:08:34,577 - INFO - Getting sections and chunk sections....
2025-12-15 00:08:34,578 - INFO - Created all chunks 330
2025-12-15 00:08:34,578 - INFO - Doing embeddings
2025-12-15 00:08:39,058 - INFO - Load pretrained SentenceTransformer: sentence-transformers/all-MiniLM-L6-v2
2025-12-15 00:08:44,862 - INFO - Vector db initialized.....
2025-12-15 00:08:45,007 - INFO - Anonymized telemetry enabled. See                     https://docs.trychroma.com/telemetry for more information.
