2025-12-09 18:00:03,286 - INFO - Directry loading......
2025-12-09 18:00:03,286 - INFO - Directry loaded.......
2025-12-09 18:00:03,286 - INFO - Start loader.load funcion......
2025-12-09 18:00:06,115 - INFO - Initialized chunker......
2025-12-09 18:00:06,115 - INFO - Testing document structure......
2025-12-09 18:00:06,115 - INFO - Processing file MachineLearning-Lecture01.pdf
2025-12-09 18:00:06,115 - INFO - Start splitting into sections
2025-12-09 18:00:06,115 - INFO - Start section spliting...
2025-12-09 18:00:06,116 - INFO - Getting sections and chunk sections....
2025-12-09 18:00:06,116 - INFO - Processing file MachineLearning-Lecture02.pdf
2025-12-09 18:00:06,116 - INFO - Start splitting into sections
2025-12-09 18:00:06,117 - INFO - Start section spliting...
2025-12-09 18:00:06,117 - INFO - Getting sections and chunk sections....
2025-12-09 18:00:06,117 - INFO - Processing file MachineLearning-Lecture03.pdf
2025-12-09 18:00:06,117 - INFO - Start splitting into sections
2025-12-09 18:00:06,117 - INFO - Start section spliting...
2025-12-09 18:00:06,117 - INFO - Getting sections and chunk sections....
2025-12-09 18:00:06,117 - INFO - Processing file MachineLearning-Lecture04.pdf
2025-12-09 18:00:06,117 - INFO - Start splitting into sections
2025-12-09 18:00:06,117 - INFO - Start section spliting...
2025-12-09 18:00:06,117 - INFO - Getting sections and chunk sections....
2025-12-09 18:00:06,117 - INFO - Processing file MachineLearning-Lecture05.pdf
2025-12-09 18:00:06,118 - INFO - Start splitting into sections
2025-12-09 18:00:06,118 - INFO - Start section spliting...
2025-12-09 18:00:06,118 - INFO - Getting sections and chunk sections....
2025-12-09 18:00:06,118 - INFO - Processing file MachineLearning-Lecture06.pdf
2025-12-09 18:00:06,118 - INFO - Start splitting into sections
2025-12-09 18:00:06,118 - INFO - Start section spliting...
2025-12-09 18:00:06,118 - INFO - Getting sections and chunk sections....
2025-12-09 18:00:06,118 - INFO - Start chunking...
2025-12-09 18:00:06,118 - ERROR - Error while chunking....
2025-12-09 18:02:20,902 - INFO - Directry loading......
2025-12-09 18:02:20,902 - INFO - Directry loaded.......
2025-12-09 18:02:20,903 - INFO - Start loader.load funcion......
2025-12-09 18:02:23,687 - INFO - Initialized chunker......
2025-12-09 18:02:23,687 - INFO - Testing document structure......
2025-12-09 18:02:23,687 - INFO - Processing file MachineLearning-Lecture01.pdf
2025-12-09 18:02:23,687 - INFO - Start splitting into sections
2025-12-09 18:02:23,687 - INFO - Start section spliting...
2025-12-09 18:02:23,687 - INFO - Getting sections and chunk sections....
2025-12-09 18:02:23,687 - INFO - Processing file MachineLearning-Lecture02.pdf
2025-12-09 18:02:23,687 - INFO - Start splitting into sections
2025-12-09 18:02:23,687 - INFO - Start section spliting...
2025-12-09 18:02:23,687 - INFO - Getting sections and chunk sections....
2025-12-09 18:02:23,687 - INFO - Processing file MachineLearning-Lecture03.pdf
2025-12-09 18:02:23,688 - INFO - Start splitting into sections
2025-12-09 18:02:23,688 - INFO - Start section spliting...
2025-12-09 18:02:23,688 - INFO - Getting sections and chunk sections....
2025-12-09 18:02:23,688 - INFO - Processing file MachineLearning-Lecture04.pdf
2025-12-09 18:02:23,688 - INFO - Start splitting into sections
2025-12-09 18:02:23,688 - INFO - Start section spliting...
2025-12-09 18:02:23,688 - INFO - Getting sections and chunk sections....
2025-12-09 18:02:23,688 - INFO - Processing file MachineLearning-Lecture05.pdf
2025-12-09 18:02:23,688 - INFO - Start splitting into sections
2025-12-09 18:02:23,688 - INFO - Start section spliting...
2025-12-09 18:02:23,688 - INFO - Getting sections and chunk sections....
2025-12-09 18:02:23,688 - INFO - Processing file MachineLearning-Lecture06.pdf
2025-12-09 18:02:23,688 - INFO - Start splitting into sections
2025-12-09 18:02:23,688 - INFO - Start section spliting...
2025-12-09 18:02:23,689 - INFO - Getting sections and chunk sections....
2025-12-09 18:02:23,689 - INFO - Start chunking...
2025-12-09 18:02:23,700 - INFO - adding metadata to the chunks.....
2025-12-09 18:02:23,700 - INFO - Start section spliting...
2025-12-09 18:02:23,700 - INFO - Start section spliting...
2025-12-09 18:02:23,700 - INFO - Start section spliting...
2025-12-09 18:02:23,700 - INFO - Start section spliting...
2025-12-09 18:02:23,700 - INFO - Start section spliting...
2025-12-09 18:02:23,701 - INFO - Start section spliting...
2025-12-09 18:02:23,701 - INFO - Start section spliting...
2025-12-09 18:02:23,701 - INFO - Start section spliting...
2025-12-09 18:02:23,701 - INFO - Start section spliting...
2025-12-09 18:02:23,701 - INFO - Start section spliting...
2025-12-09 18:02:23,701 - INFO - Start section spliting...
2025-12-09 18:02:23,701 - INFO - Start section spliting...
2025-12-09 18:02:23,701 - INFO - Start section spliting...
2025-12-09 18:02:23,701 - INFO - Start section spliting...
2025-12-09 18:02:23,701 - INFO - Start section spliting...
2025-12-09 18:02:23,701 - INFO - Start section spliting...
2025-12-09 18:02:23,701 - INFO - Start section spliting...
2025-12-09 18:02:23,701 - INFO - Start section spliting...
2025-12-09 18:02:23,701 - INFO - Start section spliting...
2025-12-09 18:02:23,701 - INFO - Start section spliting...
2025-12-09 18:02:23,701 - INFO - Start section spliting...
2025-12-09 18:02:23,701 - INFO - Start section spliting...
2025-12-09 18:02:23,701 - INFO - Start section spliting...
2025-12-09 18:02:23,701 - INFO - Start section spliting...
2025-12-09 18:02:23,701 - INFO - Start section spliting...
2025-12-09 18:02:23,701 - INFO - Start section spliting...
2025-12-09 18:02:23,701 - INFO - Start section spliting...
2025-12-09 18:02:23,701 - INFO - Start section spliting...
2025-12-09 18:02:23,701 - INFO - Start section spliting...
2025-12-09 18:02:23,701 - INFO - Start section spliting...
2025-12-09 18:02:23,701 - INFO - Start section spliting...
2025-12-09 18:02:23,701 - INFO - Start section spliting...
2025-12-09 18:02:23,701 - INFO - Start section spliting...
2025-12-09 18:02:23,701 - INFO - Start section spliting...
2025-12-09 18:02:23,702 - INFO - Start section spliting...
2025-12-09 18:02:23,702 - INFO - Start section spliting...
2025-12-09 18:02:23,702 - INFO - Start section spliting...
2025-12-09 18:02:23,702 - INFO - Start section spliting...
2025-12-09 18:02:23,702 - INFO - Start section spliting...
2025-12-09 18:02:23,702 - INFO - Start section spliting...
2025-12-09 18:02:23,702 - INFO - Start section spliting...
2025-12-09 18:02:23,702 - INFO - Start section spliting...
2025-12-09 18:02:23,702 - INFO - Start section spliting...
2025-12-09 18:02:23,702 - INFO - Start section spliting...
2025-12-09 18:02:23,702 - INFO - Start section spliting...
2025-12-09 18:02:23,702 - INFO - Start section spliting...
2025-12-09 18:02:23,702 - INFO - Start section spliting...
2025-12-09 18:02:23,702 - INFO - Start section spliting...
2025-12-09 18:02:23,702 - INFO - Start section spliting...
2025-12-09 18:02:23,702 - INFO - Start section spliting...
2025-12-09 18:02:23,702 - INFO - Start section spliting...
2025-12-09 18:02:23,702 - INFO - Start section spliting...
2025-12-09 18:02:23,702 - INFO - Start section spliting...
2025-12-09 18:02:23,702 - INFO - Start section spliting...
2025-12-09 18:02:23,702 - INFO - Start section spliting...
2025-12-09 18:02:23,702 - INFO - Start section spliting...
2025-12-09 18:02:23,702 - INFO - Start section spliting...
2025-12-09 18:02:23,702 - INFO - Start section spliting...
2025-12-09 18:02:23,702 - INFO - Start section spliting...
2025-12-09 18:02:23,702 - INFO - Start section spliting...
2025-12-09 18:02:23,702 - INFO - Start section spliting...
2025-12-09 18:02:23,702 - INFO - Start section spliting...
2025-12-09 18:02:23,702 - INFO - Start section spliting...
2025-12-09 18:02:23,703 - INFO - Start section spliting...
2025-12-09 18:02:23,703 - INFO - Start section spliting...
2025-12-09 18:02:23,703 - INFO - Start section spliting...
2025-12-09 18:02:23,703 - INFO - Start section spliting...
2025-12-09 18:02:23,703 - INFO - Start section spliting...
2025-12-09 18:02:23,703 - INFO - Start section spliting...
2025-12-09 18:02:23,703 - INFO - Start section spliting...
2025-12-09 18:02:23,703 - INFO - Start section spliting...
2025-12-09 18:02:23,703 - INFO - Start section spliting...
2025-12-09 18:02:23,703 - INFO - Start section spliting...
2025-12-09 18:02:23,703 - INFO - Start section spliting...
2025-12-09 18:02:23,703 - INFO - Start section spliting...
2025-12-09 18:02:23,703 - INFO - Start section spliting...
2025-12-09 18:02:23,703 - INFO - Start section spliting...
2025-12-09 18:02:23,703 - INFO - Processing file MachineLearning-Lecture07.pdf
2025-12-09 18:02:23,703 - INFO - Start splitting into sections
2025-12-09 18:02:23,703 - INFO - Start section spliting...
2025-12-09 18:02:23,703 - INFO - Getting sections and chunk sections....
2025-12-09 18:02:23,703 - INFO - Processing file MachineLearning-Lecture08.pdf
2025-12-09 18:02:23,703 - INFO - Start splitting into sections
2025-12-09 18:02:23,703 - INFO - Start section spliting...
2025-12-09 18:02:23,704 - INFO - Getting sections and chunk sections....
2025-12-09 18:02:23,704 - INFO - Start chunking...
2025-12-09 18:02:23,711 - INFO - adding metadata to the chunks.....
2025-12-09 18:02:23,711 - INFO - Start section spliting...
2025-12-09 18:02:23,712 - INFO - Start section spliting...
2025-12-09 18:02:23,712 - INFO - Start section spliting...
2025-12-09 18:02:23,712 - INFO - Start section spliting...
2025-12-09 18:02:23,712 - INFO - Start section spliting...
2025-12-09 18:02:23,712 - INFO - Start section spliting...
2025-12-09 18:02:23,712 - INFO - Start section spliting...
2025-12-09 18:02:23,712 - INFO - Start section spliting...
2025-12-09 18:02:23,712 - INFO - Start section spliting...
2025-12-09 18:02:23,712 - INFO - Start section spliting...
2025-12-09 18:02:23,712 - INFO - Start section spliting...
2025-12-09 18:02:23,712 - INFO - Start section spliting...
2025-12-09 18:02:23,712 - INFO - Start section spliting...
2025-12-09 18:02:23,712 - INFO - Start section spliting...
2025-12-09 18:02:23,712 - INFO - Start section spliting...
2025-12-09 18:02:23,712 - INFO - Start section spliting...
2025-12-09 18:02:23,712 - INFO - Start section spliting...
2025-12-09 18:02:23,712 - INFO - Start section spliting...
2025-12-09 18:02:23,712 - INFO - Start section spliting...
2025-12-09 18:02:23,712 - INFO - Start section spliting...
2025-12-09 18:02:23,712 - INFO - Start section spliting...
2025-12-09 18:02:23,712 - INFO - Start section spliting...
2025-12-09 18:02:23,712 - INFO - Start section spliting...
2025-12-09 18:02:23,712 - INFO - Start section spliting...
2025-12-09 18:02:23,712 - INFO - Start section spliting...
2025-12-09 18:02:23,712 - INFO - Start section spliting...
2025-12-09 18:02:23,712 - INFO - Start section spliting...
2025-12-09 18:02:23,712 - INFO - Start section spliting...
2025-12-09 18:02:23,712 - INFO - Start section spliting...
2025-12-09 18:02:23,713 - INFO - Start section spliting...
2025-12-09 18:02:23,713 - INFO - Start section spliting...
2025-12-09 18:02:23,713 - INFO - Start section spliting...
2025-12-09 18:02:23,713 - INFO - Start section spliting...
2025-12-09 18:02:23,713 - INFO - Start section spliting...
2025-12-09 18:02:23,713 - INFO - Start section spliting...
2025-12-09 18:02:23,713 - INFO - Start section spliting...
2025-12-09 18:02:23,713 - INFO - Start section spliting...
2025-12-09 18:02:23,713 - INFO - Start section spliting...
2025-12-09 18:02:23,713 - INFO - Start section spliting...
2025-12-09 18:02:23,713 - INFO - Start section spliting...
2025-12-09 18:02:23,713 - INFO - Start section spliting...
2025-12-09 18:02:23,713 - INFO - Start section spliting...
2025-12-09 18:02:23,713 - INFO - Start section spliting...
2025-12-09 18:02:23,713 - INFO - Start section spliting...
2025-12-09 18:02:23,713 - INFO - Start section spliting...
2025-12-09 18:02:23,713 - INFO - Start section spliting...
2025-12-09 18:02:23,713 - INFO - Start section spliting...
2025-12-09 18:02:23,713 - INFO - Start section spliting...
2025-12-09 18:02:23,713 - INFO - Start section spliting...
2025-12-09 18:02:23,713 - INFO - Start section spliting...
2025-12-09 18:02:23,713 - INFO - Start section spliting...
2025-12-09 18:02:23,713 - INFO - Start section spliting...
2025-12-09 18:02:23,713 - INFO - Start section spliting...
2025-12-09 18:02:23,713 - INFO - Processing file MachineLearning-Lecture09.pdf
2025-12-09 18:02:23,713 - INFO - Start splitting into sections
2025-12-09 18:02:23,713 - INFO - Start section spliting...
2025-12-09 18:02:23,714 - INFO - Getting sections and chunk sections....
2025-12-09 18:02:23,714 - INFO - Start chunking...
2025-12-09 18:02:23,724 - INFO - adding metadata to the chunks.....
2025-12-09 18:02:23,724 - INFO - Start section spliting...
2025-12-09 18:02:23,724 - INFO - Start section spliting...
2025-12-09 18:02:23,726 - INFO - Start section spliting...
2025-12-09 18:02:23,726 - INFO - Start section spliting...
2025-12-09 18:02:23,726 - INFO - Start section spliting...
2025-12-09 18:02:23,726 - INFO - Start section spliting...
2025-12-09 18:02:23,726 - INFO - Start section spliting...
2025-12-09 18:02:23,726 - INFO - Start section spliting...
2025-12-09 18:02:23,726 - INFO - Start section spliting...
2025-12-09 18:02:23,726 - INFO - Start section spliting...
2025-12-09 18:02:23,726 - INFO - Start section spliting...
2025-12-09 18:02:23,726 - INFO - Start section spliting...
2025-12-09 18:02:23,726 - INFO - Start section spliting...
2025-12-09 18:02:23,726 - INFO - Start section spliting...
2025-12-09 18:02:23,726 - INFO - Start section spliting...
2025-12-09 18:02:23,726 - INFO - Start section spliting...
2025-12-09 18:02:23,726 - INFO - Start section spliting...
2025-12-09 18:02:23,726 - INFO - Start section spliting...
2025-12-09 18:02:23,726 - INFO - Start section spliting...
2025-12-09 18:02:23,726 - INFO - Start section spliting...
2025-12-09 18:02:23,726 - INFO - Start section spliting...
2025-12-09 18:02:23,726 - INFO - Start section spliting...
2025-12-09 18:02:23,726 - INFO - Start section spliting...
2025-12-09 18:02:23,726 - INFO - Start section spliting...
2025-12-09 18:02:23,726 - INFO - Start section spliting...
2025-12-09 18:02:23,726 - INFO - Start section spliting...
2025-12-09 18:02:23,726 - INFO - Start section spliting...
2025-12-09 18:02:23,726 - INFO - Start section spliting...
2025-12-09 18:02:23,726 - INFO - Start section spliting...
2025-12-09 18:02:23,726 - INFO - Start section spliting...
2025-12-09 18:02:23,726 - INFO - Start section spliting...
2025-12-09 18:02:23,726 - INFO - Start section spliting...
2025-12-09 18:02:23,727 - INFO - Start section spliting...
2025-12-09 18:02:23,727 - INFO - Start section spliting...
2025-12-09 18:02:23,727 - INFO - Start section spliting...
2025-12-09 18:02:23,727 - INFO - Start section spliting...
2025-12-09 18:02:23,727 - INFO - Start section spliting...
2025-12-09 18:02:23,727 - INFO - Start section spliting...
2025-12-09 18:02:23,727 - INFO - Start section spliting...
2025-12-09 18:02:23,727 - INFO - Start section spliting...
2025-12-09 18:02:23,727 - INFO - Start section spliting...
2025-12-09 18:02:23,727 - INFO - Start section spliting...
2025-12-09 18:02:23,727 - INFO - Start section spliting...
2025-12-09 18:02:23,727 - INFO - Start section spliting...
2025-12-09 18:02:23,727 - INFO - Start section spliting...
2025-12-09 18:02:23,727 - INFO - Start section spliting...
2025-12-09 18:02:23,727 - INFO - Start section spliting...
2025-12-09 18:02:23,727 - INFO - Start section spliting...
2025-12-09 18:02:23,727 - INFO - Start section spliting...
2025-12-09 18:02:23,727 - INFO - Start section spliting...
2025-12-09 18:02:23,727 - INFO - Start section spliting...
2025-12-09 18:02:23,727 - INFO - Start section spliting...
2025-12-09 18:02:23,727 - INFO - Start section spliting...
2025-12-09 18:02:23,727 - INFO - Start section spliting...
2025-12-09 18:02:23,727 - INFO - Start section spliting...
2025-12-09 18:02:23,727 - INFO - Start section spliting...
2025-12-09 18:02:23,727 - INFO - Start section spliting...
2025-12-09 18:02:23,727 - INFO - Start section spliting...
2025-12-09 18:02:23,727 - INFO - Start section spliting...
2025-12-09 18:02:23,727 - INFO - Start section spliting...
2025-12-09 18:02:23,728 - INFO - Start section spliting...
2025-12-09 18:02:23,728 - INFO - Start section spliting...
2025-12-09 18:02:23,728 - INFO - Start section spliting...
2025-12-09 18:02:23,728 - INFO - Start section spliting...
2025-12-09 18:02:23,728 - INFO - Start section spliting...
2025-12-09 18:02:23,728 - INFO - Start section spliting...
2025-12-09 18:02:23,728 - INFO - Start section spliting...
2025-12-09 18:02:23,728 - INFO - Start section spliting...
2025-12-09 18:02:23,728 - INFO - Start section spliting...
2025-12-09 18:02:23,728 - INFO - Start section spliting...
2025-12-09 18:02:23,728 - INFO - Start section spliting...
2025-12-09 18:02:23,728 - INFO - Start section spliting...
2025-12-09 18:02:23,728 - INFO - Start section spliting...
2025-12-09 18:02:23,728 - INFO - Start section spliting...
2025-12-09 18:02:23,728 - INFO - Start section spliting...
2025-12-09 18:02:23,728 - INFO - Start section spliting...
2025-12-09 18:02:23,728 - INFO - Start section spliting...
2025-12-09 18:02:23,728 - INFO - Start section spliting...
2025-12-09 18:02:23,728 - INFO - Start section spliting...
2025-12-09 18:02:23,728 - INFO - Processing file MachineLearning-Lecture10.pdf
2025-12-09 18:02:23,728 - INFO - Start splitting into sections
2025-12-09 18:02:23,728 - INFO - Start section spliting...
2025-12-09 18:02:23,728 - INFO - Getting sections and chunk sections....
2025-12-09 18:02:23,728 - INFO - Processing file MachineLearning-Lecture11.pdf
2025-12-09 18:02:23,728 - INFO - Start splitting into sections
2025-12-09 18:02:23,728 - INFO - Start section spliting...
2025-12-09 18:02:23,729 - INFO - Getting sections and chunk sections....
2025-12-09 18:02:23,729 - INFO - Processing file MachineLearning-Lecture12.pdf
2025-12-09 18:02:23,729 - INFO - Start splitting into sections
2025-12-09 18:02:23,729 - INFO - Start section spliting...
2025-12-09 18:02:23,729 - INFO - Getting sections and chunk sections....
2025-12-09 18:02:23,729 - INFO - Processing file MachineLearning-Lecture13.pdf
2025-12-09 18:02:23,729 - INFO - Start splitting into sections
2025-12-09 18:02:23,729 - INFO - Start section spliting...
2025-12-09 18:02:23,729 - INFO - Getting sections and chunk sections....
2025-12-09 18:02:23,729 - INFO - Start chunking...
2025-12-09 18:02:23,729 - INFO - adding metadata to the chunks.....
2025-12-09 18:02:23,729 - INFO - Start section spliting...
2025-12-09 18:02:23,729 - INFO - Start chunking...
2025-12-09 18:02:23,739 - INFO - adding metadata to the chunks.....
2025-12-09 18:02:23,739 - INFO - Start section spliting...
2025-12-09 18:02:23,739 - INFO - Start section spliting...
2025-12-09 18:02:23,739 - INFO - Start section spliting...
2025-12-09 18:02:23,739 - INFO - Start section spliting...
2025-12-09 18:02:23,739 - INFO - Start section spliting...
2025-12-09 18:02:23,739 - INFO - Start section spliting...
2025-12-09 18:02:23,739 - INFO - Start section spliting...
2025-12-09 18:02:23,739 - INFO - Start section spliting...
2025-12-09 18:02:23,739 - INFO - Start section spliting...
2025-12-09 18:02:23,739 - INFO - Start section spliting...
2025-12-09 18:02:23,739 - INFO - Start section spliting...
2025-12-09 18:02:23,739 - INFO - Start section spliting...
2025-12-09 18:02:23,739 - INFO - Start section spliting...
2025-12-09 18:02:23,739 - INFO - Start section spliting...
2025-12-09 18:02:23,739 - INFO - Start section spliting...
2025-12-09 18:02:23,739 - INFO - Start section spliting...
2025-12-09 18:02:23,739 - INFO - Start section spliting...
2025-12-09 18:02:23,739 - INFO - Start section spliting...
2025-12-09 18:02:23,739 - INFO - Start section spliting...
2025-12-09 18:02:23,739 - INFO - Start section spliting...
2025-12-09 18:02:23,739 - INFO - Start section spliting...
2025-12-09 18:02:23,739 - INFO - Start section spliting...
2025-12-09 18:02:23,739 - INFO - Start section spliting...
2025-12-09 18:02:23,739 - INFO - Start section spliting...
2025-12-09 18:02:23,739 - INFO - Start section spliting...
2025-12-09 18:02:23,739 - INFO - Start section spliting...
2025-12-09 18:02:23,739 - INFO - Start section spliting...
2025-12-09 18:02:23,740 - INFO - Start section spliting...
2025-12-09 18:02:23,740 - INFO - Start section spliting...
2025-12-09 18:02:23,740 - INFO - Start section spliting...
2025-12-09 18:02:23,740 - INFO - Start section spliting...
2025-12-09 18:02:23,740 - INFO - Start section spliting...
2025-12-09 18:02:23,740 - INFO - Start section spliting...
2025-12-09 18:02:23,740 - INFO - Start section spliting...
2025-12-09 18:02:23,740 - INFO - Start section spliting...
2025-12-09 18:02:23,740 - INFO - Start section spliting...
2025-12-09 18:02:23,740 - INFO - Start section spliting...
2025-12-09 18:02:23,740 - INFO - Start section spliting...
2025-12-09 18:02:23,740 - INFO - Start section spliting...
2025-12-09 18:02:23,740 - INFO - Start section spliting...
2025-12-09 18:02:23,740 - INFO - Start section spliting...
2025-12-09 18:02:23,740 - INFO - Start section spliting...
2025-12-09 18:02:23,740 - INFO - Start section spliting...
2025-12-09 18:02:23,740 - INFO - Start section spliting...
2025-12-09 18:02:23,740 - INFO - Start section spliting...
2025-12-09 18:02:23,740 - INFO - Start section spliting...
2025-12-09 18:02:23,740 - INFO - Start section spliting...
2025-12-09 18:02:23,740 - INFO - Start section spliting...
2025-12-09 18:02:23,740 - INFO - Start section spliting...
2025-12-09 18:02:23,740 - INFO - Start section spliting...
2025-12-09 18:02:23,740 - INFO - Start section spliting...
2025-12-09 18:02:23,740 - INFO - Start section spliting...
2025-12-09 18:02:23,740 - INFO - Start section spliting...
2025-12-09 18:02:23,740 - INFO - Start chunking...
2025-12-09 18:02:23,744 - INFO - adding metadata to the chunks.....
2025-12-09 18:02:23,744 - INFO - Start section spliting...
2025-12-09 18:02:23,744 - INFO - Start section spliting...
2025-12-09 18:02:23,744 - INFO - Start section spliting...
2025-12-09 18:02:23,744 - INFO - Start section spliting...
2025-12-09 18:02:23,744 - INFO - Start section spliting...
2025-12-09 18:02:23,744 - INFO - Start section spliting...
2025-12-09 18:02:23,744 - INFO - Start section spliting...
2025-12-09 18:02:23,745 - INFO - Start section spliting...
2025-12-09 18:02:23,745 - INFO - Start section spliting...
2025-12-09 18:02:23,745 - INFO - Start section spliting...
2025-12-09 18:02:23,745 - INFO - Start section spliting...
2025-12-09 18:02:23,745 - INFO - Start section spliting...
2025-12-09 18:02:23,745 - INFO - Start section spliting...
2025-12-09 18:02:23,745 - INFO - Start section spliting...
2025-12-09 18:02:23,745 - INFO - Start section spliting...
2025-12-09 18:02:23,745 - INFO - Start section spliting...
2025-12-09 18:02:23,745 - INFO - Start section spliting...
2025-12-09 18:02:23,745 - INFO - Start section spliting...
2025-12-09 18:02:23,745 - INFO - Start section spliting...
2025-12-09 18:02:23,745 - INFO - Start section spliting...
2025-12-09 18:02:23,745 - INFO - Start section spliting...
2025-12-09 18:02:23,745 - INFO - Start section spliting...
2025-12-09 18:02:23,745 - INFO - Processing file MachineLearning-Lecture14.pdf
2025-12-09 18:02:23,745 - INFO - Start splitting into sections
2025-12-09 18:02:23,745 - INFO - Start section spliting...
2025-12-09 18:02:23,745 - INFO - Getting sections and chunk sections....
2025-12-09 18:02:23,745 - INFO - Processing file MachineLearning-Lecture15.pdf
2025-12-09 18:02:23,745 - INFO - Start splitting into sections
2025-12-09 18:02:23,745 - INFO - Start section spliting...
2025-12-09 18:02:23,746 - INFO - Getting sections and chunk sections....
2025-12-09 18:02:23,746 - INFO - Start chunking...
2025-12-09 18:02:23,746 - INFO - adding metadata to the chunks.....
2025-12-09 18:02:23,746 - INFO - Start section spliting...
2025-12-09 18:02:23,746 - INFO - Start section spliting...
2025-12-09 18:02:23,746 - INFO - Start section spliting...
2025-12-09 18:02:23,746 - INFO - Start section spliting...
2025-12-09 18:02:23,746 - INFO - Start section spliting...
2025-12-09 18:02:23,746 - INFO - Start section spliting...
2025-12-09 18:02:23,746 - INFO - Processing file MachineLearning-Lecture16.pdf
2025-12-09 18:02:23,746 - INFO - Start splitting into sections
2025-12-09 18:02:23,746 - INFO - Start section spliting...
2025-12-09 18:02:23,746 - INFO - Getting sections and chunk sections....
2025-12-09 18:02:23,746 - INFO - Processing file MachineLearning-Lecture17.pdf
2025-12-09 18:02:23,747 - INFO - Start splitting into sections
2025-12-09 18:02:23,747 - INFO - Start section spliting...
2025-12-09 18:02:23,747 - INFO - Getting sections and chunk sections....
2025-12-09 18:02:23,747 - INFO - Processing file MachineLearning-Lecture18.pdf
2025-12-09 18:02:23,747 - INFO - Start splitting into sections
2025-12-09 18:02:23,747 - INFO - Start section spliting...
2025-12-09 18:02:23,747 - INFO - Getting sections and chunk sections....
2025-12-09 18:02:23,747 - INFO - Processing file MachineLearning-Lecture19.pdf
2025-12-09 18:02:23,747 - INFO - Start splitting into sections
2025-12-09 18:02:23,747 - INFO - Start section spliting...
2025-12-09 18:02:23,747 - INFO - Getting sections and chunk sections....
2025-12-09 18:02:23,747 - INFO - Processing file MachineLearning-Lecture20.pdf
2025-12-09 18:02:23,747 - INFO - Start splitting into sections
2025-12-09 18:02:23,747 - INFO - Start section spliting...
2025-12-09 18:02:23,747 - INFO - Getting sections and chunk sections....
2025-12-09 18:02:23,747 - INFO - Created all chunks 291
