2025-12-10 12:12:25,483 - INFO - Directry loading......
2025-12-10 12:12:25,483 - INFO - Directry loaded.......
2025-12-10 12:12:25,483 - INFO - Start loader.load funcion......
2025-12-10 12:12:29,250 - INFO - Initialized chunker......
2025-12-10 12:12:29,250 - INFO - Testing document structure......
2025-12-10 12:12:29,251 - INFO - Processing file MachineLearning-Lecture01.pdf
2025-12-10 12:12:29,251 - INFO - Start splitting into sections
2025-12-10 12:12:29,251 - INFO - Start section spliting...
2025-12-10 12:12:29,251 - INFO - Getting sections and chunk sections....
2025-12-10 12:12:29,252 - INFO - Processing file MachineLearning-Lecture02.pdf
2025-12-10 12:12:29,252 - INFO - Start splitting into sections
2025-12-10 12:12:29,252 - INFO - Start section spliting...
2025-12-10 12:12:29,252 - INFO - Getting sections and chunk sections....
2025-12-10 12:12:29,252 - INFO - Processing file MachineLearning-Lecture03.pdf
2025-12-10 12:12:29,253 - INFO - Start splitting into sections
2025-12-10 12:12:29,253 - INFO - Start section spliting...
2025-12-10 12:12:29,253 - INFO - Getting sections and chunk sections....
2025-12-10 12:12:29,253 - INFO - Processing file MachineLearning-Lecture04.pdf
2025-12-10 12:12:29,253 - INFO - Start splitting into sections
2025-12-10 12:12:29,253 - INFO - Start section spliting...
2025-12-10 12:12:29,253 - INFO - Getting sections and chunk sections....
2025-12-10 12:12:29,253 - INFO - Processing file MachineLearning-Lecture05.pdf
2025-12-10 12:12:29,253 - INFO - Start splitting into sections
2025-12-10 12:12:29,253 - INFO - Start section spliting...
2025-12-10 12:12:29,255 - INFO - Getting sections and chunk sections....
2025-12-10 12:12:29,255 - INFO - Processing file MachineLearning-Lecture06.pdf
2025-12-10 12:12:29,255 - INFO - Start splitting into sections
2025-12-10 12:12:29,255 - INFO - Start section spliting...
2025-12-10 12:12:29,255 - INFO - Getting sections and chunk sections....
2025-12-10 12:12:29,255 - INFO - adding metadata to the chunks.....
2025-12-10 12:12:29,255 - INFO - Start section spliting...
2025-12-10 12:12:29,255 - INFO - Start chunking...
2025-12-10 12:12:29,270 - INFO - Processing file MachineLearning-Lecture07.pdf
2025-12-10 12:12:29,270 - INFO - Start splitting into sections
2025-12-10 12:12:29,270 - INFO - Start section spliting...
2025-12-10 12:12:29,271 - INFO - Getting sections and chunk sections....
2025-12-10 12:12:29,271 - INFO - Processing file MachineLearning-Lecture08.pdf
2025-12-10 12:12:29,271 - INFO - Start splitting into sections
2025-12-10 12:12:29,271 - INFO - Start section spliting...
2025-12-10 12:12:29,271 - INFO - Getting sections and chunk sections....
2025-12-10 12:12:29,271 - INFO - adding metadata to the chunks.....
2025-12-10 12:12:29,271 - INFO - Start section spliting...
2025-12-10 12:12:29,272 - INFO - Start chunking...
2025-12-10 12:12:29,284 - INFO - Processing file MachineLearning-Lecture09.pdf
2025-12-10 12:12:29,284 - INFO - Start splitting into sections
2025-12-10 12:12:29,284 - INFO - Start section spliting...
2025-12-10 12:12:29,285 - INFO - Getting sections and chunk sections....
2025-12-10 12:12:29,285 - INFO - adding metadata to the chunks.....
2025-12-10 12:12:29,285 - INFO - Start section spliting...
2025-12-10 12:12:29,285 - INFO - Start chunking...
2025-12-10 12:12:29,302 - INFO - Processing file MachineLearning-Lecture10.pdf
2025-12-10 12:12:29,302 - INFO - Start splitting into sections
2025-12-10 12:12:29,302 - INFO - Start section spliting...
2025-12-10 12:12:29,302 - INFO - Getting sections and chunk sections....
2025-12-10 12:12:29,302 - INFO - Processing file MachineLearning-Lecture11.pdf
2025-12-10 12:12:29,302 - INFO - Start splitting into sections
2025-12-10 12:12:29,302 - INFO - Start section spliting...
2025-12-10 12:12:29,303 - INFO - Getting sections and chunk sections....
2025-12-10 12:12:29,303 - INFO - Processing file MachineLearning-Lecture12.pdf
2025-12-10 12:12:29,303 - INFO - Start splitting into sections
2025-12-10 12:12:29,303 - INFO - Start section spliting...
2025-12-10 12:12:29,303 - INFO - Getting sections and chunk sections....
2025-12-10 12:12:29,303 - INFO - Processing file MachineLearning-Lecture13.pdf
2025-12-10 12:12:29,303 - INFO - Start splitting into sections
2025-12-10 12:12:29,304 - INFO - Start section spliting...
2025-12-10 12:12:29,304 - INFO - Getting sections and chunk sections....
2025-12-10 12:12:29,304 - INFO - adding metadata to the chunks.....
2025-12-10 12:12:29,304 - INFO - Start section spliting...
2025-12-10 12:12:29,304 - INFO - Start chunking...
2025-12-10 12:12:29,304 - INFO - adding metadata to the chunks.....
2025-12-10 12:12:29,304 - INFO - Start section spliting...
2025-12-10 12:12:29,304 - INFO - Start chunking...
2025-12-10 12:12:29,318 - INFO - adding metadata to the chunks.....
2025-12-10 12:12:29,319 - INFO - Start section spliting...
2025-12-10 12:12:29,319 - INFO - Start chunking...
2025-12-10 12:12:29,324 - INFO - Processing file MachineLearning-Lecture14.pdf
2025-12-10 12:12:29,324 - INFO - Start splitting into sections
2025-12-10 12:12:29,324 - INFO - Start section spliting...
2025-12-10 12:12:29,324 - INFO - Getting sections and chunk sections....
2025-12-10 12:12:29,324 - INFO - Processing file MachineLearning-Lecture15.pdf
2025-12-10 12:12:29,325 - INFO - Start splitting into sections
2025-12-10 12:12:29,325 - INFO - Start section spliting...
2025-12-10 12:12:29,325 - INFO - Getting sections and chunk sections....
2025-12-10 12:12:29,325 - INFO - adding metadata to the chunks.....
2025-12-10 12:12:29,325 - INFO - Start section spliting...
2025-12-10 12:12:29,325 - INFO - Start chunking...
2025-12-10 12:12:29,326 - INFO - Processing file MachineLearning-Lecture16.pdf
2025-12-10 12:12:29,326 - INFO - Start splitting into sections
2025-12-10 12:12:29,326 - INFO - Start section spliting...
2025-12-10 12:12:29,327 - INFO - Getting sections and chunk sections....
2025-12-10 12:12:29,327 - INFO - adding metadata to the chunks.....
2025-12-10 12:12:29,327 - INFO - Start section spliting...
2025-12-10 12:12:29,327 - INFO - Start chunking...
2025-12-10 12:12:29,337 - INFO - Processing file MachineLearning-Lecture17.pdf
2025-12-10 12:12:29,337 - INFO - Start splitting into sections
2025-12-10 12:12:29,337 - INFO - Start section spliting...
2025-12-10 12:12:29,337 - INFO - Getting sections and chunk sections....
2025-12-10 12:12:29,338 - INFO - Processing file MachineLearning-Lecture18.pdf
2025-12-10 12:12:29,338 - INFO - Start splitting into sections
2025-12-10 12:12:29,338 - INFO - Start section spliting...
2025-12-10 12:12:29,338 - INFO - Getting sections and chunk sections....
2025-12-10 12:12:29,339 - INFO - Processing file MachineLearning-Lecture19.pdf
2025-12-10 12:12:29,339 - INFO - Start splitting into sections
2025-12-10 12:12:29,339 - INFO - Start section spliting...
2025-12-10 12:12:29,339 - INFO - Getting sections and chunk sections....
2025-12-10 12:12:29,339 - INFO - Processing file MachineLearning-Lecture20.pdf
2025-12-10 12:12:29,339 - INFO - Start splitting into sections
2025-12-10 12:12:29,339 - INFO - Start section spliting...
2025-12-10 12:12:29,339 - INFO - Getting sections and chunk sections....
2025-12-10 12:12:29,341 - INFO - Created all chunks 330
2025-12-10 12:12:29,341 - INFO - Doing embeddings
2025-12-10 12:13:07,772 - INFO - Load pretrained SentenceTransformer: sentence-transformers/all-MiniLM-L6-v2
2025-12-10 12:13:16,477 - INFO - Vector db initialized.....
2025-12-10 12:13:16,708 - INFO - Anonymized telemetry enabled. See                     https://docs.trychroma.com/telemetry for more information.
